{"/Users/okorimccalla/MCR-Projects/JS-work/cruise-ships/src/cruise.js": {"path":"/Users/okorimccalla/MCR-Projects/JS-work/cruise-ships/src/cruise.js","statementMap":{"0":{"start":{"line":3,"column":4},"end":{"line":3,"column":42}},"1":{"start":{"line":4,"column":4},"end":{"line":4,"column":31}},"2":{"start":{"line":5,"column":4},"end":{"line":5,"column":27}},"3":{"start":{"line":6,"column":4},"end":{"line":6,"column":35}},"4":{"start":{"line":12,"column":0},"end":{"line":22,"column":2}},"5":{"start":{"line":13,"column":29},"end":{"line":13,"column":75}},"6":{"start":{"line":15,"column":4},"end":{"line":17,"column":5}},"7":{"start":{"line":16,"column":8},"end":{"line":16,"column":52}},"8":{"start":{"line":18,"column":4},"end":{"line":18,"column":38}},"9":{"start":{"line":19,"column":4},"end":{"line":19,"column":41}},"10":{"start":{"line":20,"column":4},"end":{"line":20,"column":28}},"11":{"start":{"line":24,"column":0},"end":{"line":30,"column":1}},"12":{"start":{"line":25,"column":30},"end":{"line":25,"column":77}},"13":{"start":{"line":26,"column":4},"end":{"line":26,"column":66}},"14":{"start":{"line":27,"column":4},"end":{"line":27,"column":35}},"15":{"start":{"line":34,"column":0},"end":{"line":34,"column":22}}},"fnMap":{"0":{"name":"Ship","decl":{"start":{"line":2,"column":9},"end":{"line":2,"column":13}},"loc":{"start":{"line":2,"column":25},"end":{"line":8,"column":1}},"line":2},"1":{"name":"(anonymous_1)","decl":{"start":{"line":12,"column":25},"end":{"line":12,"column":26}},"loc":{"start":{"line":12,"column":36},"end":{"line":22,"column":1}},"line":12},"2":{"name":"(anonymous_2)","decl":{"start":{"line":24,"column":22},"end":{"line":24,"column":23}},"loc":{"start":{"line":24,"column":33},"end":{"line":30,"column":1}},"line":24}},"branchMap":{"0":{"loc":{"start":{"line":15,"column":4},"end":{"line":17,"column":5}},"type":"if","locations":[{"start":{"line":15,"column":4},"end":{"line":17,"column":5}},{"start":{"line":15,"column":4},"end":{"line":17,"column":5}}],"line":15}},"s":{"0":12,"1":12,"2":12,"3":12,"4":1,"5":5,"6":5,"7":1,"8":4,"9":4,"10":4,"11":1,"12":3,"13":3,"14":3,"15":1},"f":{"0":12,"1":5,"2":3},"b":{"0":[1,4]},"_coverageSchema":"1a1c01bbd47fc00a2c39e90264f33305004495a9","hash":"809a86a8eb7d10c6b86d75534fdb9815254dbbfc"}
,"/Users/okorimccalla/MCR-Projects/JS-work/cruise-ships/src/itinerary.js": {"path":"/Users/okorimccalla/MCR-Projects/JS-work/cruise-ships/src/itinerary.js","statementMap":{"0":{"start":{"line":2,"column":4},"end":{"line":2,"column":23}},"1":{"start":{"line":5,"column":2},"end":{"line":5,"column":29}}},"fnMap":{"0":{"name":"Itinerary","decl":{"start":{"line":1,"column":9},"end":{"line":1,"column":18}},"loc":{"start":{"line":1,"column":26},"end":{"line":3,"column":3}},"line":1}},"branchMap":{},"s":{"0":1,"1":1},"f":{"0":1},"b":{},"_coverageSchema":"1a1c01bbd47fc00a2c39e90264f33305004495a9","hash":"47ee69dafdf58b675a5e9df6fd087ff493152974"}
,"/Users/okorimccalla/MCR-Projects/JS-work/cruise-ships/src/port.js": {"path":"/Users/okorimccalla/MCR-Projects/JS-work/cruise-ships/src/port.js","statementMap":{"0":{"start":{"line":2,"column":4},"end":{"line":2,"column":21}},"1":{"start":{"line":3,"column":4},"end":{"line":3,"column":20}},"2":{"start":{"line":6,"column":0},"end":{"line":8,"column":2}},"3":{"start":{"line":7,"column":4},"end":{"line":7,"column":26}},"4":{"start":{"line":10,"column":0},"end":{"line":13,"column":2}},"5":{"start":{"line":12,"column":2},"end":{"line":12,"column":67}},"6":{"start":{"line":12,"column":47},"end":{"line":12,"column":66}},"7":{"start":{"line":15,"column":0},"end":{"line":15,"column":22}}},"fnMap":{"0":{"name":"Port","decl":{"start":{"line":1,"column":9},"end":{"line":1,"column":13}},"loc":{"start":{"line":1,"column":20},"end":{"line":4,"column":1}},"line":1},"1":{"name":"(anonymous_1)","decl":{"start":{"line":6,"column":25},"end":{"line":6,"column":26}},"loc":{"start":{"line":6,"column":39},"end":{"line":8,"column":1}},"line":6},"2":{"name":"(anonymous_2)","decl":{"start":{"line":10,"column":28},"end":{"line":10,"column":29}},"loc":{"start":{"line":10,"column":42},"end":{"line":13,"column":1}},"line":10},"3":{"name":"(anonymous_3)","decl":{"start":{"line":12,"column":33},"end":{"line":12,"column":34}},"loc":{"start":{"line":12,"column":47},"end":{"line":12,"column":66}},"line":12}},"branchMap":{},"s":{"0":3,"1":3,"2":1,"3":3,"4":1,"5":2,"6":2,"7":1},"f":{"0":3,"1":3,"2":2,"3":2},"b":{},"_coverageSchema":"1a1c01bbd47fc00a2c39e90264f33305004495a9","hash":"22c463ea1f7adc50b355de25fd0efbbebd21ac67"}
}
