TN:
SF:src/cruise.js
FN:2,Ship
FN:12,(anonymous_1)
FN:24,(anonymous_2)
FNF:3
FNH:3
FNDA:12,Ship
FNDA:5,(anonymous_1)
FNDA:3,(anonymous_2)
DA:3,12
DA:4,12
DA:5,12
DA:6,12
DA:12,1
DA:13,5
DA:15,5
DA:16,1
DA:18,4
DA:19,4
DA:20,4
DA:24,1
DA:25,3
DA:26,3
DA:27,3
DA:34,1
LF:16
LH:16
BRDA:15,0,0,1
BRDA:15,0,1,4
BRF:2
BRH:2
end_of_record
TN:
SF:src/itinerary.js
FN:1,Itinerary
FNF:1
FNH:1
FNDA:1,Itinerary
DA:2,1
DA:5,1
LF:2
LH:2
BRF:0
BRH:0
end_of_record
TN:
SF:src/port.js
FN:1,Port
FN:6,(anonymous_1)
FN:10,(anonymous_2)
FN:12,(anonymous_3)
FNF:4
FNH:4
FNDA:3,Port
FNDA:3,(anonymous_1)
FNDA:2,(anonymous_2)
FNDA:2,(anonymous_3)
DA:2,3
DA:3,3
DA:6,1
DA:7,3
DA:10,1
DA:12,2
DA:15,1
LF:7
LH:7
BRF:0
BRH:0
end_of_record
